2021-01-21 13:20:47,552 发送请求 INFO https://cnodejs.org/api/v1/topics 执行成功
2021-01-21 13:20:47,971 发送请求 INFO https://cnodejs.org/api/v1/topic/5433d5e4e737cbe96dcef312 执行成功
2021-01-21 13:20:48,319 发送请求 INFO https://cnodejs.org/api/v1/topic_collect/collect 执行成功
2021-01-21 13:20:48,642 发送请求 INFO https://cnodejs.org/api/v1//topic_collect/de_collect 执行成功
2021-01-21 13:20:49,002 发送请求 INFO https://cnodejs.org/api/v1/user/alsotang 执行成功
2021-01-21 13:20:49,341 发送请求 INFO https://cnodejs.org/api/v1/message/mark_all 执行成功
2021-01-21 13:20:53,585 发送请求 INFO https://www.v2ex.com/api/site/info.json 执行成功
2021-01-21 13:20:59,357 接口测试 ERROR Error: 无法发送邮件
2021-01-21 13:28:50,444 发送请求 INFO https://cnodejs.org/api/v1/topics 执行成功
2021-01-21 13:28:50,874 发送请求 INFO https://cnodejs.org/api/v1/topic/5433d5e4e737cbe96dcef312 执行成功
2021-01-21 13:28:51,211 发送请求 INFO https://cnodejs.org/api/v1/topic_collect/collect 执行成功
2021-01-21 13:28:51,569 发送请求 INFO https://cnodejs.org/api/v1//topic_collect/de_collect 执行成功
2021-01-21 13:28:51,959 发送请求 INFO https://cnodejs.org/api/v1/user/alsotang 执行成功
2021-01-21 13:28:52,283 发送请求 INFO https://cnodejs.org/api/v1/message/mark_all 执行成功
2021-01-21 13:28:55,194 发送请求 INFO https://www.v2ex.com/api/site/info.json 执行成功
2021-01-21 13:29:00,320 接口测试 ERROR Error: 无法发送邮件
2021-01-21 13:29:47,056 发送请求 INFO https://cnodejs.org/api/v1/topics 执行成功
2021-01-21 13:30:08,080 接口测试 ERROR {'response': '请求发送失败，详细信息： url=https://cnodejs.org/api/v1/topic/5433d5e4e737cbe96dcef312'}
2021-01-21 13:30:29,225 接口测试 ERROR {'response': '请求发送失败，详细信息： url=https://cnodejs.org/api/v1/topic_collect/collect'}
2021-01-21 13:30:29,975 发送请求 INFO https://cnodejs.org/api/v1//topic_collect/de_collect 执行成功
2021-01-21 13:30:30,404 发送请求 INFO https://cnodejs.org/api/v1/user/alsotang 执行成功
2021-01-21 13:30:30,775 发送请求 INFO https://cnodejs.org/api/v1/message/mark_all 执行成功
2021-01-21 13:30:33,606 发送请求 INFO https://www.v2ex.com/api/site/info.json 执行成功
2021-01-21 13:30:38,294 接口测试 ERROR Error: 无法发送邮件
2021-01-21 15:23:50,658 发送请求 INFO https://cnodejs.org/api/v1/topics 执行成功
2021-01-21 15:23:51,105 发送请求 INFO https://cnodejs.org/api/v1/topic/5433d5e4e737cbe96dcef312 执行成功
2021-01-21 15:23:51,442 发送请求 INFO https://cnodejs.org/api/v1/topic_collect/collect 执行成功
2021-01-21 15:23:52,060 发送请求 INFO https://cnodejs.org/api/v1//topic_collect/de_collect 执行成功
2021-01-21 15:23:52,682 发送请求 INFO https://cnodejs.org/api/v1/user/alsotang 执行成功
2021-01-21 15:23:53,003 发送请求 INFO https://cnodejs.org/api/v1/message/mark_all 执行成功
2021-01-21 15:24:01,410 发送请求 INFO https://www.v2ex.com/api/site/info.json 执行成功
2021-01-21 15:24:09,064 接口测试 ERROR Error: 无法发送邮件
2021-01-21 15:25:05,273 发送请求 INFO https://cnodejs.org/api/v1/topics 执行成功
2021-01-21 15:25:06,160 发送请求 INFO https://cnodejs.org/api/v1/topic/5433d5e4e737cbe96dcef312 执行成功
2021-01-21 15:25:06,951 发送请求 INFO https://cnodejs.org/api/v1/topic_collect/collect 执行成功
2021-01-21 15:25:07,275 发送请求 INFO https://cnodejs.org/api/v1//topic_collect/de_collect 执行成功
2021-01-21 15:25:07,644 发送请求 INFO https://cnodejs.org/api/v1/user/alsotang 执行成功
2021-01-21 15:25:07,976 发送请求 INFO https://cnodejs.org/api/v1/message/mark_all 执行成功
2021-01-21 15:25:08,723 发送请求 INFO https://www.v2ex.com/api/site/info.json 执行成功
2021-01-21 15:25:13,633 接口测试 ERROR Error: 无法发送邮件
2021-01-21 15:56:47,772 发送请求 INFO https://cnodejs.org/api/v1/topics 执行成功
2021-01-21 15:56:49,148 发送请求 INFO https://cnodejs.org/api/v1/topic/5433d5e4e737cbe96dcef312 执行成功
2021-01-21 15:56:49,907 发送请求 INFO https://cnodejs.org/api/v1/topic_collect/collect 执行成功
2021-01-21 15:56:50,662 发送请求 INFO https://cnodejs.org/api/v1//topic_collect/de_collect 执行成功
2021-01-21 15:56:51,581 发送请求 INFO https://cnodejs.org/api/v1/user/alsotang 执行成功
2021-01-21 15:56:52,291 发送请求 INFO https://cnodejs.org/api/v1/message/mark_all 执行成功
2021-01-21 15:56:53,037 发送请求 INFO https://www.v2ex.com/api/site/info.json 执行成功
2021-01-21 15:56:58,032 接口测试 ERROR Error: 无法发送邮件
2021-01-21 16:00:52,701 发送请求 INFO https://cnodejs.org/api/v1/topics 执行成功
2021-01-21 16:00:53,638 发送请求 INFO https://cnodejs.org/api/v1/topic/5433d5e4e737cbe96dcef312 执行成功
2021-01-21 16:00:54,513 发送请求 INFO https://cnodejs.org/api/v1/topic_collect/collect 执行成功
2021-01-21 16:00:58,275 发送请求 INFO https://cnodejs.org/api/v1//topic_collect/de_collect 执行成功
2021-01-21 16:00:59,202 发送请求 INFO https://cnodejs.org/api/v1/user/alsotang 执行成功
2021-01-21 16:01:00,645 发送请求 INFO https://cnodejs.org/api/v1/message/mark_all 执行成功
2021-01-21 16:01:07,707 发送请求 INFO https://www.v2ex.com/api/site/info.json 执行成功
2021-01-21 16:01:12,874 接口测试 ERROR Error: 无法发送邮件
2021-01-21 17:30:37,329 发送请求 INFO https://cnodejs.org/api/v1/topics 执行成功
2021-01-21 17:30:38,156 发送请求 INFO https://cnodejs.org/api/v1/topic/5433d5e4e737cbe96dcef312 执行成功
2021-01-21 17:30:38,861 发送请求 INFO https://cnodejs.org/api/v1/topic_collect/collect 执行成功
2021-01-21 17:30:42,731 发送请求 INFO https://cnodejs.org/api/v1//topic_collect/de_collect 执行成功
2021-01-21 17:30:43,524 发送请求 INFO https://cnodejs.org/api/v1/user/alsotang 执行成功
2021-01-21 17:30:44,283 发送请求 INFO https://cnodejs.org/api/v1/message/mark_all 执行成功
2021-01-21 17:30:45,132 发送请求 INFO https://www.v2ex.com/api/site/info.json 执行成功
2021-01-21 17:31:20,805 发送请求 INFO https://cnodejs.org/api/v1/topics 执行成功
2021-01-21 17:31:21,596 发送请求 INFO https://cnodejs.org/api/v1/topic/5433d5e4e737cbe96dcef312 执行成功
2021-01-21 17:31:22,358 发送请求 INFO https://cnodejs.org/api/v1/topic_collect/collect 执行成功
2021-01-21 17:31:23,075 发送请求 INFO https://cnodejs.org/api/v1//topic_collect/de_collect 执行成功
2021-01-21 17:31:23,808 发送请求 INFO https://cnodejs.org/api/v1/user/alsotang 执行成功
2021-01-21 17:31:24,684 发送请求 INFO https://cnodejs.org/api/v1/message/mark_all 执行成功
2021-01-21 17:31:35,714 发送请求 INFO https://www.v2ex.com/api/site/info.json 执行成功
