1483545906445	geckodriver	INFO	Listening on 127.0.0.1:62729
1483545908280	mozprofile::profile	INFO	Using profile path C:\Users\lenovo\AppData\Local\Temp\rust_mozprofile.rs550fOoumcv
1483545908280	geckodriver::marionette	INFO	Starting browser C:\Program Files (x86)\Mozilla Firefox\firefox.exe
1483545908296	geckodriver::marionette	INFO	Connecting to Marionette on localhost:62736
1483545977174	addons.productaddons	WARN	File download failed: 0x80004004
1483545977276	addons.productaddons	WARN	File download failed: 0x80040111
1483546391695	geckodriver	INFO	Listening on 127.0.0.1:63273
1483546393687	mozprofile::profile	INFO	Using profile path C:\Users\lenovo\AppData\Local\Temp\rust_mozprofile.GJZLUmr9dpYZ
1483546393693	geckodriver::marionette	INFO	Starting browser C:\Program Files (x86)\Mozilla Firefox\firefox.exe
1483546393708	geckodriver::marionette	INFO	Connecting to Marionette on localhost:63279
1483546442711	geckodriver	INFO	Listening on 127.0.0.1:63325
1483546444698	mozprofile::profile	INFO	Using profile path C:\Users\lenovo\AppData\Local\Temp\rust_mozprofile.h5b2tRM0MzSl
1483546444708	geckodriver::marionette	INFO	Starting browser C:\Program Files (x86)\Mozilla Firefox\firefox.exe
1483546444727	geckodriver::marionette	INFO	Connecting to Marionette on localhost:63331
1483546555855	geckodriver	INFO	Listening on 127.0.0.1:63405
1483546557843	mozprofile::profile	INFO	Using profile path C:\Users\lenovo\AppData\Local\Temp\rust_mozprofile.Bkh00exLWk3O
1483546557861	geckodriver::marionette	INFO	Starting browser C:\Program Files (x86)\Mozilla Firefox\firefox.exe
1483546557884	geckodriver::marionette	INFO	Connecting to Marionette on localhost:63412
1483546567546 Marionette: Element is missing an accesible name -> id: kw, tagName: INPUT, className: s_ipt
JavaScript error: https://sp0.baidu.com/5a1Fazu8AA54nxGko9WTAnF6hhy/su?wd=sele&json=1&p=3&sid=1428_21090_21617&req=2&csor=4&pwd=sel&cb=jQuery110205059698357614199_1483546566688&_=1483546566693, line 1: TypeError: jQuery110205059698357614199_1483546566688 is not a function
JavaScript error: https://sp0.baidu.com/5a1Fazu8AA54nxGko9WTAnF6hhy/su?wd=seleniu&json=1&p=3&sid=1428_21090_21617&req=2&csor=7&pwd=seleni&cb=jQuery110205059698357614199_1483546566688&_=1483546566696, line 1: TypeError: jQuery110205059698357614199_1483546566688 is not a function
JavaScript error: https://sp0.baidu.com/5a1Fazu8AA54nxGko9WTAnF6hhy/su?wd=selen&json=1&p=3&sid=1428_21090_21617&req=2&csor=5&pwd=sele&cb=jQuery110205059698357614199_1483546566688&_=1483546566694, line 1: TypeError: jQuery110205059698357614199_1483546566688 is not a function
1483546598716	geckodriver	INFO	Listening on 127.0.0.1:63481
1483546600650	mozprofile::profile	INFO	Using profile path C:\Users\lenovo\AppData\Local\Temp\rust_mozprofile.7OxfgEQEydAI
1483546600659	geckodriver::marionette	INFO	Starting browser C:\Program Files (x86)\Mozilla Firefox\firefox.exe
1483546600679	geckodriver::marionette	INFO	Connecting to Marionette on localhost:63487
1483546607799 Marionette: Element is missing an accesible name -> id: kw, tagName: INPUT, className: s_ipt
JavaScript error: https://sp0.baidu.com/5a1Fazu8AA54nxGko9WTAnF6hhy/su?wd=s&json=1&p=3&sid=1456_21092_17001_20930&req=2&csor=1&cb=jQuery110204244289661615791_1483546607141&_=1483546607143, line 1: TypeError: jQuery110204244289661615791_1483546607141 is not a function
JavaScript error: https://sp0.baidu.com/5a1Fazu8AA54nxGko9WTAnF6hhy/su?wd=se&json=1&p=3&sid=1456_21092_17001_20930&req=2&csor=2&pwd=s&cb=jQuery110204244289661615791_1483546607141&_=1483546607144, line 1: TypeError: jQuery110204244289661615791_1483546607141 is not a function
JavaScript error: https://sp0.baidu.com/5a1Fazu8AA54nxGko9WTAnF6hhy/su?wd=sele&json=1&p=3&sid=1456_21092_17001_20930&req=2&csor=4&pwd=sel&cb=jQuery110204244289661615791_1483546607141&_=1483546607146, line 1: TypeError: jQuery110204244289661615791_1483546607141 is not a function
JavaScript error: https://sp0.baidu.com/5a1Fazu8AA54nxGko9WTAnF6hhy/su?wd=seleni&json=1&p=3&sid=1456_21092_17001_20930&req=2&csor=6&pwd=selen&cb=jQuery110204244289661615791_1483546607141&_=1483546607148, line 1: TypeError: jQuery110204244289661615791_1483546607141 is not a function
JavaScript error: https://sp0.baidu.com/5a1Fazu8AA54nxGko9WTAnF6hhy/su?wd=seleniu&json=1&p=3&sid=1456_21092_17001_20930&req=2&csor=7&pwd=seleni&cb=jQuery110204244289661615791_1483546607141&_=1483546607149, line 1: TypeError: jQuery110204244289661615791_1483546607141 is not a function
JavaScript error: https://sp0.baidu.com/5a1Fazu8AA54nxGko9WTAnF6hhy/su?wd=selen&json=1&p=3&sid=1456_21092_17001_20930&req=2&csor=5&pwd=sele&cb=jQuery110204244289661615791_1483546607141&_=1483546607147, line 1: TypeError: jQuery110204244289661615791_1483546607141 is not a function
JavaScript error: https://sp0.baidu.com/5a1Fazu8AA54nxGko9WTAnF6hhy/su?wd=sel&json=1&p=3&sid=1456_21092_17001_20930&req=2&csor=3&pwd=se&cb=jQuery110204244289661615791_1483546607141&_=1483546607145, line 1: TypeError: jQuery110204244289661615791_1483546607141 is not a function
JavaScript error: https://sp0.baidu.com/5a1Fazu8AA54nxGko9WTAnF6hhy/su?wd=selenium&json=1&p=3&sid=1456_21092_17001_20930&req=2&csor=8&pwd=seleniu&cb=jQuery110204244289661615791_1483546607141&_=1483546607150, line 1: TypeError: jQuery110204244289661615791_1483546607141 is not a function
1483546662044	geckodriver	INFO	Listening on 127.0.0.1:63562
1483546663950	mozprofile::profile	INFO	Using profile path C:\Users\lenovo\AppData\Local\Temp\rust_mozprofile.crU1W4JKXmcf
1483546664003	geckodriver::marionette	INFO	Starting browser C:\Program Files (x86)\Mozilla Firefox\firefox.exe
1483546664025	geckodriver::marionette	INFO	Connecting to Marionette on localhost:63568
1483546670089 Marionette: Element is missing an accesible name -> id: kw, tagName: INPUT, className: s_ipt
JavaScript error: https://sp0.baidu.com/5a1Fazu8AA54nxGko9WTAnF6hhy/su?wd=s&json=1&p=3&sid=1463_21094_18559_17001_21614&req=2&csor=1&cb=jQuery110205266064169529828_1483546669666&_=1483546669668, line 1: TypeError: jQuery110205266064169529828_1483546669666 is not a function
JavaScript error: https://sp0.baidu.com/5a1Fazu8AA54nxGko9WTAnF6hhy/su?wd=se&json=1&p=3&sid=1463_21094_18559_17001_21614&req=2&csor=2&pwd=s&cb=jQuery110205266064169529828_1483546669666&_=1483546669669, line 1: TypeError: jQuery110205266064169529828_1483546669666 is not a function
JavaScript error: https://sp0.baidu.com/5a1Fazu8AA54nxGko9WTAnF6hhy/su?wd=selen&json=1&p=3&sid=1463_21094_18559_17001_21614&req=2&csor=5&pwd=sele&cb=jQuery110205266064169529828_1483546669666&_=1483546669672, line 1: TypeError: jQuery110205266064169529828_1483546669666 is not a function
JavaScript error: https://sp0.baidu.com/5a1Fazu8AA54nxGko9WTAnF6hhy/su?wd=selenium&json=1&p=3&sid=1463_21094_18559_17001_21614&req=2&csor=8&pwd=seleniu&cb=jQuery110205266064169529828_1483546669666&_=1483546669675, line 1: TypeError: jQuery110205266064169529828_1483546669666 is not a function
JavaScript error: https://sp0.baidu.com/5a1Fazu8AA54nxGko9WTAnF6hhy/su?wd=seleni&json=1&p=3&sid=1463_21094_18559_17001_21614&req=2&csor=6&pwd=selen&cb=jQuery110205266064169529828_1483546669666&_=1483546669673, line 1: TypeError: jQuery110205266064169529828_1483546669666 is not a function
JavaScript error: https://sp0.baidu.com/5a1Fazu8AA54nxGko9WTAnF6hhy/su?wd=sele&json=1&p=3&sid=1463_21094_18559_17001_21614&req=2&csor=4&pwd=sel&cb=jQuery110205266064169529828_1483546669666&_=1483546669671, line 1: TypeError: jQuery110205266064169529828_1483546669666 is not a function
JavaScript error: https://sp0.baidu.com/5a1Fazu8AA54nxGko9WTAnF6hhy/su?wd=sel&json=1&p=3&sid=1463_21094_18559_17001_21614&req=2&csor=3&pwd=se&cb=jQuery110205266064169529828_1483546669666&_=1483546669670, line 1: TypeError: jQuery110205266064169529828_1483546669666 is not a function
JavaScript error: https://sp0.baidu.com/5a1Fazu8AA54nxGko9WTAnF6hhy/su?wd=seleniu&json=1&p=3&sid=1463_21094_18559_17001_21614&req=2&csor=7&pwd=seleni&cb=jQuery110205266064169529828_1483546669666&_=1483546669674, line 1: TypeError: jQuery110205266064169529828_1483546669666 is not a function
1483546680191	geckodriver	INFO	Listening on 127.0.0.1:63610
1483546682198	mozprofile::profile	INFO	Using profile path C:\Users\lenovo\AppData\Local\Temp\rust_mozprofile.4Akbe1t3wglH
1483546682211	geckodriver::marionette	INFO	Starting browser C:\Program Files (x86)\Mozilla Firefox\firefox.exe
1483546682227	geckodriver::marionette	INFO	Connecting to Marionette on localhost:63618
1483546688640 Marionette: Element is missing an accesible name -> id: kw, tagName: INPUT, className: s_ipt
